Arguments: 
  /usr/local/Cellar/node/17.0.1/bin/node /usr/local/Cellar/yarn/1.22.17/libexec/bin/yarn.js

PATH: 
  /usr/local/Caskroom/google-cloud-sdk/latest/google-cloud-sdk/bin:~/.composer/vendor/bin:/usr/local/lib/ruby/gems/2.6.0/bin:/usr/local/opt/ruby/bin:/usr/local/bin:/usr/bin:/bin:/usr/sbin:/sbin:/Library/Apple/usr/bin:/Users/meabed/workspace/mongoosastic/node_modules/.bin:/usr/local/opt/go/libexec/bin:/Users/meabed/workspace/go/bin:/Users/meabed/.antigen/bundles/robbyrussell/oh-my-zsh/lib:/Users/meabed/.antigen/bundles/robbyrussell/oh-my-zsh/plugins/common-aliases:/Users/meabed/.antigen/bundles/robbyrussell/oh-my-zsh/plugins/history:/Users/meabed/.antigen/bundles/robbyrussell/oh-my-zsh/plugins/git:/Users/meabed/.antigen/bundles/robbyrussell/oh-my-zsh/plugins/docker:/Users/meabed/.antigen/bundles/robbyrussell/oh-my-zsh/plugins/zsh_reload:/Users/meabed/.antigen/bundles/robbyrussell/oh-my-zsh/plugins/autojump:/Users/meabed/.antigen/bundles/zsh-users/zsh-completions:/Users/meabed/.antigen/bundles/zsh-users/zsh-autosuggestions:/Users/meabed/.antigen/bundles/unixorn/autoupdate-antigen.zshplugin:/Users/meabed/.antigen/bundles/nnao45/zsh-kubectl-completion:/Users/meabed/.antigen/bundles/zdharma/fast-syntax-highlighting:/Users/meabed/.antigen/bundles/zsh-users/zsh-history-substring-search:/Users/meabed/.rvm/bin:/Users/meabed/.rvm/bin

Yarn version: 
  1.22.17

Node version: 
  17.0.1

Platform: 
  darwin x64

Trace: 
  SyntaxError: /Users/meabed/workspace/mongoosastic/package.json: Unexpected string in JSON at position 2168
      at JSON.parse (<anonymous>)
      at /usr/local/Cellar/yarn/1.22.17/libexec/lib/cli.js:1625:59
      at Generator.next (<anonymous>)
      at step (/usr/local/Cellar/yarn/1.22.17/libexec/lib/cli.js:310:30)
      at /usr/local/Cellar/yarn/1.22.17/libexec/lib/cli.js:321:13

npm manifest: 
  {
    "name": "mongoosastic-ts",
    "version": "5.0.4",
    "description": "A mongoose plugin that indexes models into elastic search",
    "repository": {
      "type": "git",
      "url": "git://github.com/meabed/mongoosastic-ts"
    },
    "license": "MIT",
    "author": "Mohamed Meabed <mo.meabed@gmail.com> (https://meabed.com)",
    "main": "dist/mongoosastic.js",
    "types": "dist/mongoosastic.d.ts",
    "scripts": {
      "authors": "./scripts/update_authors.sh",
      "changelog": "changelog mongoosastic/mongoosastic latest -m",
      "coverage": "cat ./coverage/lcov.info | coveralls",
      "build": "rm -rf dist && tsc -p . --skipLibCheck",
      "lint": "eslint lib test",
      "lint-fix": "npm run lint -- --fix",
      "mocha": "nyc mocha --report lcovonly -- test/*-test.ts",
      "test": "TS_NODE_TRANSPILE_ONLY=1 TS_NODE_COMPILER_OPTIONS='{\"module\":\"commonjs\"}' mocha",
      "test-ci": "TS_NODE_TRANSPILE_ONLY=1 TS_NODE_COMPILER_OPTIONS='{\"module\":\"commonjs\"}' mocha",
      "prepare": "yarn husky install"
    },
    "dependencies": {
      "elasticsearch": "16.7.2",
      "lodash.clonedeep": "4.5.0"
    },
    "devDependencies": {
      "@types/chai": "4.2.22",
      "@types/elasticsearch": "5.0.38",
      "@types/eslint": "7.28.2",
      "@types/expect": "24.3.0",
      "@types/lodash.clonedeep": "4.5.6",
      "@types/mocha": "9.0.0",
      "@types/prettier": "2.4.1",
      "@types/should": "13.0.0",
      "chai": "4.3.4",
      "changelog": "1.4.2",
      "co-mocha": "1.2.2",
      "coveralls": "3.1.1",
      "eslint": "7.32.0",
      "eslint-config-standard": "16.0.3",
      "eslint-plugin-promise": "5.1.1",
      "husky": "^7.0.4",
      "lint-staged": "11.2.6",
      "mocha": "9.1.3",
      "mongoose": "6.0.12",
      "nyc": "15.1.0",
      "prettier": "2.4.1",
      "pretty-quick": "3.1.1",
      "should": "13.2.3",
      "standard": "16.0.4",
      "ts-node": "10.4.0",
      "typescript": "4.4.4"
    },
    "engines": {
      "node": ">= 8.0"
    },
    "tags": [
      "mongodb",
      "elasticsearch",
      "elastic search",
      "mongoose",
      "full text search"
    ],
    "lint-staged": {
      "lib/*.{ts,tsx,js,jsx}": "prettier --write",
      "test/*.{ts,tsx,js,jsx}": "prettier --write",
      "docs/**": "prettier --write"
      "examples/**": "prettier --write"
    }
  }

yarn manifest: 
  No manifest

Lockfile: 
  No lockfile
